2014-11-06 14:09:35.061:INFO:oejs.Server:jetty-7.6.10.v20130312
2014-11-06 14:09:35.082:INFO:oejdp.ScanningAppProvider:Deployment monitor /home/tp/PhD/RSS/Papers/Ideas/EDCC++/hora-jpetstore/Experiments/JavaEEServletContainerExample/jetty-hightide-jpetstore/webapps at interval 1
2014-11-06 14:09:35.087:INFO:oejd.DeploymentManager:Deployable added: /home/tp/PhD/RSS/Papers/Ideas/EDCC++/hora-jpetstore/Experiments/JavaEEServletContainerExample/jetty-hightide-jpetstore/webapps/jpetstore
 INFO 2014-11-06 14:09:35,964 kieker.common.logging.LogImplCommonsLogging: Loading configuration from JVM-specified location: 'kieker.monitoring.properties'
 INFO 2014-11-06 14:09:36,004 kieker.common.logging.LogImplCommonsLogging: Current State of kieker.monitoring (1.9) Status: 'enabled'
	Name: 'KIEKER'; Hostname: 'ares'; experimentID: '1'
JMXController: JMX disabled
RegistryController: 0 strings registered.
TimeSource: 'kieker.monitoring.timer.SystemNanoTimer'
	Time in nanoseconds (with nanoseconds precision) since Thu Jan 01 01:00:00 CET 1970'
ProbeController: disabled
WriterController:
	Number of Inserts: '0'
	Automatic assignment of logging timestamps: 'true'
Writer: 'kieker.monitoring.writer.filesystem.AsyncFsWriter'
	Configuration:
		kieker.monitoring.writer.filesystem.AsyncFsWriter.flush='true'
		kieker.monitoring.writer.filesystem.AsyncFsWriter.maxLogSize='-1'
		kieker.monitoring.writer.filesystem.AsyncFsWriter.QueueFullBehavior='0'
		kieker.monitoring.writer.filesystem.AsyncFsWriter.MaxShutdownDelay='-1'
		kieker.monitoring.writer.filesystem.AsyncFsWriter.maxEntriesInFile='25000'
		kieker.monitoring.writer.filesystem.AsyncFsWriter.bufferSize='8192'
		kieker.monitoring.writer.filesystem.AsyncFsWriter.maxLogFiles='-1'
		kieker.monitoring.writer.filesystem.AsyncFsWriter.customStoragePath='/tmp/Hora-Experiment'
		kieker.monitoring.writer.filesystem.AsyncFsWriter.QueueSize='10000'
	Records lost: 0
	Writer Threads (1): 
		Finished: 'false'; Writing to Directory: '/tmp/Hora-Experiment/kieker-20141106-130935995-UTC-ares-KIEKER'
Sampling Controller: Periodic Sensor available: Poolsize: '0'; Scheduled Tasks: '0'
2014-11-06 14:09:36.286:INFO:jpetstore:Initializing Spring root WebApplicationContext
 INFO 2014-11-06 14:09:36,286 org.springframework.web.context.ContextLoader: Root WebApplicationContext: initialization started
 INFO 2014-11-06 14:09:36,316 org.springframework.context.support.AbstractApplicationContext: Refreshing Root WebApplicationContext: startup date [Thu Nov 06 14:09:36 CET 2014]; root of context hierarchy
 INFO 2014-11-06 14:09:36,354 org.springframework.beans.factory.xml.XmlBeanDefinitionReader: Loading XML bean definitions from ServletContext resource [/WEB-INF/applicationContext.xml]
 INFO 2014-11-06 14:09:36,765 org.springframework.beans.factory.support.DefaultListableBeanFactory: Pre-instantiating singletons in org.springframework.beans.factory.support.DefaultListableBeanFactory@1dd7b098: defining beans [dataSource,opEMII,org.springframework.aop.config.internalAutoProxyCreator,org.springframework.aop.support.DefaultBeanFactoryPointcutAdvisor#0,transactionManager,orderService,accountService,catalogService,org.springframework.context.annotation.internalConfigurationAnnotationProcessor,org.springframework.context.annotation.internalAutowiredAnnotationProcessor,org.springframework.context.annotation.internalRequiredAnnotationProcessor,org.springframework.context.annotation.internalCommonAnnotationProcessor,org.springframework.transaction.annotation.AnnotationTransactionAttributeSource#0,org.springframework.transaction.interceptor.TransactionInterceptor#0,org.springframework.transaction.config.internalTransactionAdvisor,sqlSessionFactory,org.mybatis.spring.mapper.MapperScannerConfigurer#0,sequenceMapper,accountMapper,lineItemMapper,orderMapper,categoryMapper,itemMapper,productMapper]; root of factory hierarchy
 INFO 2014-11-06 14:09:36,952 org.springframework.jdbc.datasource.embedded.EmbeddedDatabaseFactory: Creating embedded database 'dataSource'
 INFO 2014-11-06 14:09:37,017 org.springframework.jdbc.datasource.init.ResourceDatabasePopulator: Executing SQL script from class path resource [database/jpetstore-hsqldb-schema.sql]
 INFO 2014-11-06 14:09:37,028 org.springframework.jdbc.datasource.init.ResourceDatabasePopulator: Done executing SQL script from class path resource [database/jpetstore-hsqldb-schema.sql] in 11 ms.
 INFO 2014-11-06 14:09:37,029 org.springframework.jdbc.datasource.init.ResourceDatabasePopulator: Executing SQL script from class path resource [database/jpetstore-hsqldb-dataload.sql]
 INFO 2014-11-06 14:09:37,046 org.springframework.jdbc.datasource.init.ResourceDatabasePopulator: Done executing SQL script from class path resource [database/jpetstore-hsqldb-dataload.sql] in 17 ms.
 INFO 2014-11-06 14:09:37,056 kieker.common.logging.LogImplCommonsLogging: First threadId will be 8332785210542260224
 INFO 2014-11-06 14:09:37,595 org.springframework.web.context.ContextLoader: Root WebApplicationContext: initialization completed in 1308 ms
ERROR 2014-11-06 14:09:37,601 kieker.common.logging.LogImplCommonsLogging: No Sigar native lib in java.library.path. See Sigar log for details (maybe only visible on Debug log-level).
2014-11-06 14:09:37.618:INFO:oejsh.ContextHandler:started o.e.j.w.WebAppContext{/jpetstore,file:/home/tp/PhD/RSS/Papers/Ideas/EDCC++/hora-jpetstore/Experiments/JavaEEServletContainerExample/jetty-hightide-jpetstore/webapps/jpetstore/},/home/tp/PhD/RSS/Papers/Ideas/EDCC++/hora-jpetstore/Experiments/JavaEEServletContainerExample/jetty-hightide-jpetstore/webapps/jpetstore
 INFO 2014-11-06 14:09:37,638 net.sourceforge.stripes.util.Log: Using VFS adapter net.sourceforge.stripes.vfs.DefaultVFS
 INFO 2014-11-06 14:09:37,735 net.sourceforge.stripes.util.Log: No locale list specified, defaulting to single locale: en_US
 WARN 2014-11-06 14:09:37,745 net.sourceforge.stripes.util.Log: No MultipartWrapper implementation could be loaded
 INFO 2014-11-06 14:09:37,752 net.sourceforge.stripes.util.Log: Stripes Initialization Complete. Version: 1.5.6, Build: 1.5.6
2014-11-06 14:09:37.784:INFO:oejd.DeploymentManager:Deployable added: /home/tp/PhD/RSS/Papers/Ideas/EDCC++/hora-jpetstore/Experiments/JavaEEServletContainerExample/jetty-hightide-jpetstore/webapps/root
2014-11-06 14:09:37.928:INFO:oejsh.ContextHandler:started o.e.j.w.WebAppContext{/,file:/home/tp/PhD/RSS/Papers/Ideas/EDCC++/hora-jpetstore/Experiments/JavaEEServletContainerExample/jetty-hightide-jpetstore/webapps/root/},/home/tp/PhD/RSS/Papers/Ideas/EDCC++/hora-jpetstore/Experiments/JavaEEServletContainerExample/jetty-hightide-jpetstore/webapps/root
2014-11-06 14:09:37.931:INFO:oejdp.ScanningAppProvider:Deployment monitor /home/tp/PhD/RSS/Papers/Ideas/EDCC++/hora-jpetstore/Experiments/JavaEEServletContainerExample/jetty-hightide-jpetstore/contexts at interval 1
2014-11-06 14:09:37.962:INFO:oejs.AbstractConnector:Started SelectChannelConnector@0.0.0.0:8080
 INFO 2014-11-06 14:09:44,390 net.sourceforge.stripes.util.Log: Expression validation will be performed using: net.sourceforge.stripes.validation.expression.Jsp21ExpressionExecutor
ERROR 2014-11-06 14:09:44,419 net.sourceforge.stripes.util.Log: Something has gone awry! I have a bridge to nowhere: public void org.mybatis.jpetstore.web.actions.CatalogActionBean.setContext(net.sourceforge.stripes.action.ActionBeanContext)
ERROR 2014-11-06 14:09:45,886 net.sourceforge.stripes.util.Log: Something has gone awry! I have a bridge to nowhere: public void org.mybatis.jpetstore.web.actions.CartActionBean.setContext(net.sourceforge.stripes.action.ActionBeanContext)
ERROR 2014-11-06 14:09:45,897 net.sourceforge.stripes.util.Log: Something has gone awry! I have a bridge to nowhere: public void org.mybatis.jpetstore.web.actions.AccountActionBean.setContext(net.sourceforge.stripes.action.ActionBeanContext)
 INFO 2014-11-06 14:09:53,087 net.sourceforge.stripes.util.Log: Could not find property [EST-12] on ActionBean.net.sourceforge.stripes.util.bean.NoSuchPropertyException: Bean class org.mybatis.jpetstore.web.actions.CartActionBean does not contain a property called 'EST-12'. As a result the following expression could not be evaluated: EST-12
ERROR 2014-11-06 14:09:53,091 net.sourceforge.stripes.util.Log: Something has gone awry! I have a bridge to nowhere: public void org.mybatis.jpetstore.web.actions.OrderActionBean.setContext(net.sourceforge.stripes.action.ActionBeanContext)
CachingExecutor.update(..)
CachingExecutor.update(..)
CachingExecutor.update(..)
CachingExecutor.update(..)
CachingExecutor.update(..)
Parameter: delay:CachingExecutor.update(..):3000
In delay
Setting delay time of CachingExecutor.update(..) to 3000
Delay time = 3000
 INFO 2014-11-06 14:10:03,467 net.sourceforge.stripes.util.Log: Could not find property [EST-16] on ActionBean.net.sourceforge.stripes.util.bean.NoSuchPropertyException: Bean class org.mybatis.jpetstore.web.actions.CartActionBean does not contain a property called 'EST-16'. As a result the following expression could not be evaluated: EST-16
CachingExecutor.update(..)
CachingExecutor.update(..)
CachingExecutor.update(..)
CachingExecutor.update(..)
CachingExecutor.update(..)
 INFO 2014-11-06 14:29:01,345 kieker.common.logging.LogImplCommonsLogging: ShutdownHook notifies controller to initiate shutdown
2014-11-06 14:29:01.345:INFO:oejs.Server:Graceful shutdown SelectChannelConnector@0.0.0.0:8080
 INFO 2014-11-06 14:29:01,345 kieker.common.logging.LogImplCommonsLogging: Shutting down Monitoring Controller (KIEKER)
2014-11-06 14:29:01.346:INFO:oejs.Server:Graceful shutdown o.e.j.w.WebAppContext{/jpetstore,file:/home/tp/PhD/RSS/Papers/Ideas/EDCC++/hora-jpetstore/Experiments/JavaEEServletContainerExample/jetty-hightide-jpetstore/webapps/jpetstore/},/home/tp/PhD/RSS/Papers/Ideas/EDCC++/hora-jpetstore/Experiments/JavaEEServletContainerExample/jetty-hightide-jpetstore/webapps/jpetstore
2014-11-06 14:29:01.346:INFO:oejs.Server:Graceful shutdown o.e.j.w.WebAppContext{/,file:/home/tp/PhD/RSS/Papers/Ideas/EDCC++/hora-jpetstore/Experiments/JavaEEServletContainerExample/jetty-hightide-jpetstore/webapps/root/},/home/tp/PhD/RSS/Papers/Ideas/EDCC++/hora-jpetstore/Experiments/JavaEEServletContainerExample/jetty-hightide-jpetstore/webapps/root
 INFO 2014-11-06 14:29:01,346 kieker.common.logging.LogImplCommonsLogging: Shutting down writers.
 INFO 2014-11-06 14:29:01,346 kieker.common.logging.LogImplCommonsLogging: Writer shutdown complete.
2014-11-06 14:29:02.367:INFO:oejsl.ELContextCleaner:Clazz: class org.mybatis.jpetstore.domain.CartItem loaded by WebAppClassLoader=JPetStore@4675bf45
2014-11-06 14:29:02.368:INFO:oejsl.ELContextCleaner:not removed: contextclassloader=WebAppClassLoader=root@6a58705fclazz's classloader=WebAppClassLoader=JPetStore@4675bf45
2014-11-06 14:29:02.368:INFO:oejsl.ELContextCleaner:Clazz: class org.mybatis.jpetstore.domain.Product loaded by WebAppClassLoader=JPetStore@4675bf45
2014-11-06 14:29:02.368:INFO:oejsl.ELContextCleaner:not removed: contextclassloader=WebAppClassLoader=root@6a58705fclazz's classloader=WebAppClassLoader=JPetStore@4675bf45
2014-11-06 14:29:02.368:INFO:oejsl.ELContextCleaner:Clazz: class org.mybatis.jpetstore.web.actions.AccountActionBean loaded by WebAppClassLoader=JPetStore@4675bf45
2014-11-06 14:29:02.368:INFO:oejsl.ELContextCleaner:not removed: contextclassloader=WebAppClassLoader=root@6a58705fclazz's classloader=WebAppClassLoader=JPetStore@4675bf45
2014-11-06 14:29:02.368:INFO:oejsl.ELContextCleaner:Clazz: class org.mybatis.jpetstore.web.actions.CatalogActionBean loaded by WebAppClassLoader=JPetStore@4675bf45
2014-11-06 14:29:02.368:INFO:oejsl.ELContextCleaner:not removed: contextclassloader=WebAppClassLoader=root@6a58705fclazz's classloader=WebAppClassLoader=JPetStore@4675bf45
2014-11-06 14:29:02.368:INFO:oejsl.ELContextCleaner:Clazz: class org.mybatis.jpetstore.domain.Cart loaded by WebAppClassLoader=JPetStore@4675bf45
2014-11-06 14:29:02.368:INFO:oejsl.ELContextCleaner:not removed: contextclassloader=WebAppClassLoader=root@6a58705fclazz's classloader=WebAppClassLoader=JPetStore@4675bf45
2014-11-06 14:29:02.368:INFO:oejsl.ELContextCleaner:Clazz: class org.mybatis.jpetstore.domain.Category loaded by WebAppClassLoader=JPetStore@4675bf45
2014-11-06 14:29:02.368:INFO:oejsl.ELContextCleaner:not removed: contextclassloader=WebAppClassLoader=root@6a58705fclazz's classloader=WebAppClassLoader=JPetStore@4675bf45
2014-11-06 14:29:02.369:INFO:oejsl.ELContextCleaner:Clazz: class org.mybatis.jpetstore.web.actions.CartActionBean loaded by WebAppClassLoader=JPetStore@4675bf45
2014-11-06 14:29:02.369:INFO:oejsl.ELContextCleaner:not removed: contextclassloader=WebAppClassLoader=root@6a58705fclazz's classloader=WebAppClassLoader=JPetStore@4675bf45
2014-11-06 14:29:02.369:INFO:oejsl.ELContextCleaner:Clazz: class org.mybatis.jpetstore.domain.Order loaded by WebAppClassLoader=JPetStore@4675bf45
2014-11-06 14:29:02.369:INFO:oejsl.ELContextCleaner:not removed: contextclassloader=WebAppClassLoader=root@6a58705fclazz's classloader=WebAppClassLoader=JPetStore@4675bf45
2014-11-06 14:29:02.369:INFO:oejsl.ELContextCleaner:Clazz: class org.mybatis.jpetstore.web.actions.OrderActionBean loaded by WebAppClassLoader=JPetStore@4675bf45
2014-11-06 14:29:02.369:INFO:oejsl.ELContextCleaner:not removed: contextclassloader=WebAppClassLoader=root@6a58705fclazz's classloader=WebAppClassLoader=JPetStore@4675bf45
2014-11-06 14:29:02.369:INFO:oejsl.ELContextCleaner:Clazz: class org.mybatis.jpetstore.domain.Item loaded by WebAppClassLoader=JPetStore@4675bf45
2014-11-06 14:29:02.369:INFO:oejsl.ELContextCleaner:not removed: contextclassloader=WebAppClassLoader=root@6a58705fclazz's classloader=WebAppClassLoader=JPetStore@4675bf45
2014-11-06 14:29:02.369:INFO:oejsl.ELContextCleaner:Clazz: class org.mybatis.jpetstore.domain.Account loaded by WebAppClassLoader=JPetStore@4675bf45
2014-11-06 14:29:02.369:INFO:oejsl.ELContextCleaner:not removed: contextclassloader=WebAppClassLoader=root@6a58705fclazz's classloader=WebAppClassLoader=JPetStore@4675bf45
2014-11-06 14:29:02.370:INFO:oejsl.ELContextCleaner:Clazz: class org.mybatis.jpetstore.domain.LineItem loaded by WebAppClassLoader=JPetStore@4675bf45
2014-11-06 14:29:02.370:INFO:oejsl.ELContextCleaner:not removed: contextclassloader=WebAppClassLoader=root@6a58705fclazz's classloader=WebAppClassLoader=JPetStore@4675bf45
2014-11-06 14:29:02.370:INFO:oejsl.ELContextCleaner:javax.el.BeanELResolver purged
2014-11-06 14:29:02.370:INFO:oejsh.ContextHandler:stopped o.e.j.w.WebAppContext{/,file:/home/tp/PhD/RSS/Papers/Ideas/EDCC++/hora-jpetstore/Experiments/JavaEEServletContainerExample/jetty-hightide-jpetstore/webapps/root/},/home/tp/PhD/RSS/Papers/Ideas/EDCC++/hora-jpetstore/Experiments/JavaEEServletContainerExample/jetty-hightide-jpetstore/webapps/root
2014-11-06 14:29:02.372:INFO:jpetstore:Closing Spring root WebApplicationContext
 INFO 2014-11-06 14:29:02,372 org.springframework.context.support.AbstractApplicationContext: Closing Root WebApplicationContext: startup date [Thu Nov 06 14:09:36 CET 2014]; root of context hierarchy
 INFO 2014-11-06 14:29:02,373 org.springframework.beans.factory.support.DefaultSingletonBeanRegistry: Destroying singletons in org.springframework.beans.factory.support.DefaultListableBeanFactory@1dd7b098: defining beans [dataSource,opEMII,org.springframework.aop.config.internalAutoProxyCreator,org.springframework.aop.support.DefaultBeanFactoryPointcutAdvisor#0,transactionManager,orderService,accountService,catalogService,org.springframework.context.annotation.internalConfigurationAnnotationProcessor,org.springframework.context.annotation.internalAutowiredAnnotationProcessor,org.springframework.context.annotation.internalRequiredAnnotationProcessor,org.springframework.context.annotation.internalCommonAnnotationProcessor,org.springframework.transaction.annotation.AnnotationTransactionAttributeSource#0,org.springframework.transaction.interceptor.TransactionInterceptor#0,org.springframework.transaction.config.internalTransactionAdvisor,sqlSessionFactory,org.mybatis.spring.mapper.MapperScannerConfigurer#0,sequenceMapper,accountMapper,lineItemMapper,orderMapper,categoryMapper,itemMapper,productMapper]; root of factory hierarchy
2014-11-06 14:29:02.376:INFO:oejsl.ELContextCleaner:Clazz: class org.mybatis.jpetstore.domain.CartItem loaded by WebAppClassLoader=JPetStore@4675bf45
2014-11-06 14:29:02.376:INFO:oejsl.ELContextCleaner:removed
2014-11-06 14:29:02.376:INFO:oejsl.ELContextCleaner:Clazz: class org.mybatis.jpetstore.domain.Product loaded by WebAppClassLoader=JPetStore@4675bf45
2014-11-06 14:29:02.376:INFO:oejsl.ELContextCleaner:removed
2014-11-06 14:29:02.376:INFO:oejsl.ELContextCleaner:Clazz: class org.mybatis.jpetstore.web.actions.AccountActionBean loaded by WebAppClassLoader=JPetStore@4675bf45
2014-11-06 14:29:02.376:INFO:oejsl.ELContextCleaner:removed
2014-11-06 14:29:02.376:INFO:oejsl.ELContextCleaner:Clazz: class org.mybatis.jpetstore.web.actions.CatalogActionBean loaded by WebAppClassLoader=JPetStore@4675bf45
2014-11-06 14:29:02.376:INFO:oejsl.ELContextCleaner:removed
2014-11-06 14:29:02.376:INFO:oejsl.ELContextCleaner:Clazz: class org.mybatis.jpetstore.domain.Cart loaded by WebAppClassLoader=JPetStore@4675bf45
2014-11-06 14:29:02.376:INFO:oejsl.ELContextCleaner:removed
2014-11-06 14:29:02.376:INFO:oejsl.ELContextCleaner:Clazz: class org.mybatis.jpetstore.domain.Category loaded by WebAppClassLoader=JPetStore@4675bf45
2014-11-06 14:29:02.377:INFO:oejsl.ELContextCleaner:removed
2014-11-06 14:29:02.377:INFO:oejsl.ELContextCleaner:Clazz: class org.mybatis.jpetstore.web.actions.CartActionBean loaded by WebAppClassLoader=JPetStore@4675bf45
2014-11-06 14:29:02.377:INFO:oejsl.ELContextCleaner:removed
2014-11-06 14:29:02.377:INFO:oejsl.ELContextCleaner:Clazz: class org.mybatis.jpetstore.domain.Order loaded by WebAppClassLoader=JPetStore@4675bf45
2014-11-06 14:29:02.377:INFO:oejsl.ELContextCleaner:removed
2014-11-06 14:29:02.377:INFO:oejsl.ELContextCleaner:Clazz: class org.mybatis.jpetstore.web.actions.OrderActionBean loaded by WebAppClassLoader=JPetStore@4675bf45
2014-11-06 14:29:02.377:INFO:oejsl.ELContextCleaner:removed
2014-11-06 14:29:02.377:INFO:oejsl.ELContextCleaner:Clazz: class org.mybatis.jpetstore.domain.Item loaded by WebAppClassLoader=JPetStore@4675bf45
2014-11-06 14:29:02.377:INFO:oejsl.ELContextCleaner:removed
2014-11-06 14:29:02.377:INFO:oejsl.ELContextCleaner:Clazz: class org.mybatis.jpetstore.domain.Account loaded by WebAppClassLoader=JPetStore@4675bf45
2014-11-06 14:29:02.377:INFO:oejsl.ELContextCleaner:removed
2014-11-06 14:29:02.377:INFO:oejsl.ELContextCleaner:Clazz: class org.mybatis.jpetstore.domain.LineItem loaded by WebAppClassLoader=JPetStore@4675bf45
2014-11-06 14:29:02.377:INFO:oejsl.ELContextCleaner:removed
2014-11-06 14:29:02.377:INFO:oejsl.ELContextCleaner:javax.el.BeanELResolver purged
2014-11-06 14:29:02.378:INFO:oejsh.ContextHandler:stopped o.e.j.w.WebAppContext{/jpetstore,file:/home/tp/PhD/RSS/Papers/Ideas/EDCC++/hora-jpetstore/Experiments/JavaEEServletContainerExample/jetty-hightide-jpetstore/webapps/jpetstore/},/home/tp/PhD/RSS/Papers/Ideas/EDCC++/hora-jpetstore/Experiments/JavaEEServletContainerExample/jetty-hightide-jpetstore/webapps/jpetstore
